<html xmlns:string="xalan://java.lang.String" xmlns:lxslt="http://xml.apache.org/xslt">
<head>
<META http-equiv="Content-Type" content="text/html; charset=UTF-8">
<title>Unit Test Results: All Tests</title>
<link rel="stylesheet" type="text/css" title="Style" href="stylesheet.css">
</head>
<body onload="open('allclasses-frame.html','classListFrame')">
<h1>Unit Test Results.</h1>
<table width="100%">
<tr>
<td align="left"></td><td align="right">Designed for use with <a href="http://www.junit.org/">JUnit</a> and <a href="http://ant.apache.org/">Ant</a>.</td>
</tr>
</table>
<hr size="1">
<h2>All Tests</h2>
<table class="details" border="0" cellpadding="5" cellspacing="2" width="95%">
<tr valign="top">
<th>Class</th><th>Name</th><th>Status</th><th width="80%">Type</th><th nowrap>Time(s)</th>
</tr>
<tr valign="top" class="TableRowColor">
<td><a href="com/ontestautomation/selenium/ci/0_TestSuite.html">TestSuite</a></td><td><a name="testcaseOne"></a><a href="com/ontestautomation/selenium/ci/0_TestSuite.html#testcaseOne">testcaseOne</a></td><td>Success</td><td></td><td>0.001</td>
</tr>
<tr valign="top" class="TableRowColor">
<td><a href="com/ontestautomation/selenium/ci/0_TestSuite.html">TestSuite</a></td><td><a name="testcaseTwo"></a><a href="com/ontestautomation/selenium/ci/0_TestSuite.html#testcaseTwo">testcaseTwo</a></td><td>Success</td><td></td><td>0.000</td>
</tr>
<tr valign="top" class="Error">
<td><a href="com/ontestautomation/selenium/ci/0_TestSuite.html">TestSuite</a></td><td><a name="thisTestShouldFail"></a><a href="com/ontestautomation/selenium/ci/0_TestSuite.html#thisTestShouldFail">thisTestShouldFail</a></td><td>Error</td><td>Failed to connect to binary FirefoxBinary(/usr/bin/firefox) on port 7055; process output follows: 
Error: no display specified

Build info: version: '2.48.2', revision: '41bccdd', time: '2015-10-09 19:55:52'
System info: host: 'ip-172-31-35-164', ip: '172.31.35.164', os.name: 'Linux', os.arch: 'amd64', os.version: '3.13.0-48-generic', java.version: '1.7.0_80'
Driver info: driver.version: FirefoxDriver<br>
<br>
<code>org.openqa.selenium.WebDriverException: Failed to connect to binary FirefoxBinary(/usr/bin/firefox) on port 7055; process output follows: <br>Error: no display specified<br>
<br>Build info: version: '2.48.2', revision: '41bccdd', time: '2015-10-09 19:55:52'<br>System info: host: 'ip-172-31-35-164', ip: '172.31.35.164', os.name: 'Linux', os.arch: 'amd64', os.version: '3.13.0-48-generic', java.version: '1.7.0_80'<br>Driver info: driver.version: FirefoxDriver<br>	at org.openqa.selenium.firefox.internal.NewProfileExtensionConnection.start(NewProfileExtensionConnection.java:134)<br>	at org.openqa.selenium.firefox.FirefoxDriver.startClient(FirefoxDriver.java:271)<br>	at org.openqa.selenium.remote.RemoteWebDriver.&lt;init&gt;(RemoteWebDriver.java:117)<br>	at org.openqa.selenium.firefox.FirefoxDriver.&lt;init&gt;(FirefoxDriver.java:218)<br>	at org.openqa.selenium.firefox.FirefoxDriver.&lt;init&gt;(FirefoxDriver.java:211)<br>	at org.openqa.selenium.firefox.FirefoxDriver.&lt;init&gt;(FirefoxDriver.java:207)<br>	at org.openqa.selenium.firefox.FirefoxDriver.&lt;init&gt;(FirefoxDriver.java:120)<br>	at com.ontestautomation.selenium.ci.SeleniumCITest.setup(Unknown Source)<br>Caused by: org.openqa.selenium.firefox.NotConnectedException: Unable to connect to host 127.0.0.1 on port 7055 after 45000 ms. Firefox console output:<br>Error: no display specified<br>
<br>	at org.openqa.selenium.firefox.internal.NewProfileExtensionConnection.start(NewProfileExtensionConnection.java:122)<br>
</code>N/A<br>
<br>
<code>java.lang.NullPointerException<br>	at com.ontestautomation.selenium.ci.SeleniumCITest.teardown(Unknown Source)<br>
</code></td><td>46.422</td>
</tr>
<tr valign="top" class="Error">
<td><a href="com/ontestautomation/selenium/ci/0_TestSuite.html">TestSuite</a></td><td><a name="successfulLoginLogout"></a><a href="com/ontestautomation/selenium/ci/0_TestSuite.html#successfulLoginLogout">successfulLoginLogout</a></td><td>Error</td><td>Failed to connect to binary FirefoxBinary(/usr/bin/firefox) on port 7055; process output follows: 
Error: no display specified

Build info: version: '2.48.2', revision: '41bccdd', time: '2015-10-09 19:55:52'
System info: host: 'ip-172-31-35-164', ip: '172.31.35.164', os.name: 'Linux', os.arch: 'amd64', os.version: '3.13.0-48-generic', java.version: '1.7.0_80'
Driver info: driver.version: FirefoxDriver<br>
<br>
<code>org.openqa.selenium.WebDriverException: Failed to connect to binary FirefoxBinary(/usr/bin/firefox) on port 7055; process output follows: <br>Error: no display specified<br>
<br>Build info: version: '2.48.2', revision: '41bccdd', time: '2015-10-09 19:55:52'<br>System info: host: 'ip-172-31-35-164', ip: '172.31.35.164', os.name: 'Linux', os.arch: 'amd64', os.version: '3.13.0-48-generic', java.version: '1.7.0_80'<br>Driver info: driver.version: FirefoxDriver<br>	at org.openqa.selenium.firefox.internal.NewProfileExtensionConnection.start(NewProfileExtensionConnection.java:134)<br>	at org.openqa.selenium.firefox.FirefoxDriver.startClient(FirefoxDriver.java:271)<br>	at org.openqa.selenium.remote.RemoteWebDriver.&lt;init&gt;(RemoteWebDriver.java:117)<br>	at org.openqa.selenium.firefox.FirefoxDriver.&lt;init&gt;(FirefoxDriver.java:218)<br>	at org.openqa.selenium.firefox.FirefoxDriver.&lt;init&gt;(FirefoxDriver.java:211)<br>	at org.openqa.selenium.firefox.FirefoxDriver.&lt;init&gt;(FirefoxDriver.java:207)<br>	at org.openqa.selenium.firefox.FirefoxDriver.&lt;init&gt;(FirefoxDriver.java:120)<br>	at com.ontestautomation.selenium.ci.SeleniumCITest.setup(Unknown Source)<br>Caused by: org.openqa.selenium.firefox.NotConnectedException: Unable to connect to host 127.0.0.1 on port 7055 after 45000 ms. Firefox console output:<br>Error: no display specified<br>
<br>	at org.openqa.selenium.firefox.internal.NewProfileExtensionConnection.start(NewProfileExtensionConnection.java:122)<br>
</code>N/A<br>
<br>
<code>java.lang.NullPointerException<br>	at com.ontestautomation.selenium.ci.SeleniumCITest.teardown(Unknown Source)<br>
</code></td><td>45.146</td>
</tr>
<tr valign="top" class="Error">
<td><a href="com/ontestautomation/selenium/ci/0_TestSuite.html">TestSuite</a></td><td><a name="test"></a><a href="com/ontestautomation/selenium/ci/0_TestSuite.html#test">test</a></td><td>Error</td><td>N/A<br>
<br>
<code>java.lang.NullPointerException<br>	at com.ontestautomation.selenium.ci.TestRunner.test(Unknown Source)<br>
</code></td><td>0.012</td>
</tr>
</table>
</body>
</html>
